<?xml version="1.0" encoding="UTF-8"?>
<!-- Generated by org.testng.reporters.JUnitXMLReporter -->
<testsuite ignored="2" hostname="MacBook-Pro.local" failures="0" tests="1" name="Default test" time="11.9" errors="0" timestamp="18 Feb 2024 05:57:46 GMT">
  <testcase classname="com.trinity.TestCases" name="verifyIfLastNameFieldIsRequiredUsingPOM" time="2.365"/>
  <testcase classname="com.trinity.TestCases" name="verifyIfLastNameFieldIsRequiredOrNot" time="0.0">
    <ignored/>
  </testcase> <!-- verifyIfLastNameFieldIsRequiredOrNot -->
  <testcase classname="com.trinity.TestCases" name="verifyIfLastNameFieldIsRequired" time="0.0">
    <ignored/>
  </testcase> <!-- verifyIfLastNameFieldIsRequired -->
</testsuite> <!-- Default test -->
