<?xml version="1.0" encoding="UTF-8"?>
<testng-results ignored="0" total="1" passed="1" failed="0" skipped="0">
  <reporter-output>
  </reporter-output>
  <suite started-at="2024-02-10T07:25:20Z" name="Surefire suite" finished-at="2024-02-10T07:25:20Z" duration-ms="10">
    <groups>
    </groups>
    <test started-at="2024-02-10T07:25:20Z" name="Surefire test" finished-at="2024-02-10T07:25:20Z" duration-ms="10">
      <class name="com.trinity.TestCases">
        <test-method signature="m1()[pri:0, instance:com.trinity.TestCases@365185bd]" started-at="2024-02-10T07:25:20Z" name="m1" finished-at="2024-02-10T07:25:20Z" duration-ms="4" status="PASS">
          <reporter-output>
          </reporter-output>
        </test-method> <!-- m1 -->
      </class> <!-- com.trinity.TestCases -->
    </test> <!-- Surefire test -->
  </suite> <!-- Surefire suite -->
</testng-results>
